c:\refws\test\media\littlekumquatplayer\x64\debug\vc143.pdb
c:\refws\test\media\littlekumquatplayer\x64\debug\vc143.idb
c:\refws\test\media\littlekumquatplayer\x64\debug\x_thread.obj
c:\refws\test\media\littlekumquatplayer\x64\debug\video_decode_play_thread.obj
c:\refws\test\media\littlekumquatplayer\x64\debug\decode_thread.obj
c:\refws\test\media\littlekumquatplayer\x64\debug\video_decoder.obj
c:\refws\test\media\littlekumquatplayer\x64\debug\littlekumquatplayer.obj
c:\refws\test\media\littlekumquatplayer\x64\debug\demux_thread.obj
c:\refws\test\media\littlekumquatplayer\x64\debug\demux.obj
c:\refws\test\media\littlekumquatplayer\x64\debug\decode.obj
c:\refws\test\media\media\x64\debug\littlekumquatplayer.exe
c:\refws\test\media\littlekumquatplayer\x64\debug\littlekumquatplayer.ilk
c:\refws\test\media\media\x64\debug\littlekumquatplayer.pdb
c:\refws\test\media\littlekumquatplayer\x64\debug\littlekumquatplayer.res
c:\refws\test\media\littlekumquatplayer\x64\debug\littleku.8c0f0d92.tlog\cl.command.1.tlog
c:\refws\test\media\littlekumquatplayer\x64\debug\littleku.8c0f0d92.tlog\cl.items.tlog
c:\refws\test\media\littlekumquatplayer\x64\debug\littleku.8c0f0d92.tlog\cl.read.1.tlog
c:\refws\test\media\littlekumquatplayer\x64\debug\littleku.8c0f0d92.tlog\cl.write.1.tlog
c:\refws\test\media\littlekumquatplayer\x64\debug\littleku.8c0f0d92.tlog\link.command.1.tlog
c:\refws\test\media\littlekumquatplayer\x64\debug\littleku.8c0f0d92.tlog\link.read.1.tlog
c:\refws\test\media\littlekumquatplayer\x64\debug\littleku.8c0f0d92.tlog\link.write.1.tlog
c:\refws\test\media\littlekumquatplayer\x64\debug\littleku.8c0f0d92.tlog\rc.command.1.tlog
c:\refws\test\media\littlekumquatplayer\x64\debug\littleku.8c0f0d92.tlog\rc.read.1.tlog
c:\refws\test\media\littlekumquatplayer\x64\debug\littleku.8c0f0d92.tlog\rc.write.1.tlog
